    OpenRGB v0.9
    Commit:  from 
    Launched: 20240715_220036
====================================================================================================

1001  |Info:    ------------------------------------------------------
1001  |Info:    |               Start device detection               |
1001  |Info:    ------------------------------------------------------
1001  |Info:    Initializing HID interfaces: Success
1008  |Info:    ------------------------------------------------------
1008  |Info:    |             Detecting I2C interfaces               |
1008  |Info:    ------------------------------------------------------
1009  |Info:    Registering I2C interface: /dev/i2c-3 Device 10DE:1B81 Subsystem: 1458:3772
1009  |Info:    Registering I2C interface: /dev/i2c-8 Device 1022:790B Subsystem: 1849:FFFF
1009  |Info:    Registering I2C interface: /dev/i2c-4 Device 10DE:1B81 Subsystem: 1458:3772
1009  |Info:    Registering I2C interface: /dev/i2c-0 Device 10DE:1B81 Subsystem: 1458:3772
1009  |Info:    Registering I2C interface: /dev/i2c-7 Device 1022:790B Subsystem: 1849:FFFF
1009  |Info:    ------------------------------------------------------
1009  |Info:    |               Detecting I2C devices                |
1009  |Info:    ------------------------------------------------------
1559  |Info:    ------------------------------------------------------
1559  |Info:    |               Detecting I2C PCI devices            |
1559  |Info:    ------------------------------------------------------
1560  |Info:    ------------------------------------------------------
1560  |Info:    |               Detecting HID devices                |
1560  |Info:    ------------------------------------------------------
1560  |Info:    ------------------------------------------------------
1560  |Info:    |            Detecting libusb HID devices            |
1560  |Info:    ------------------------------------------------------
1560  |Info:    ------------------------------------------------------
1560  |Info:    |              Detecting other devices               |
1560  |Info:    ------------------------------------------------------
1565  |Info:    ------------------------------------------------------
1565  |Info:    |                Detection completed                 |
1565  |Info:    ------------------------------------------------------
1565  |Dialog:  <h2>WARNING:</h2><p>One or more I2C/SMBus interfaces failed to initialize.</p><p>RGB DRAM modules and some motherboards' onboard RGB lighting will not be available without I2C/SMBus.</p><p>On Linux, this is usually because the i2c-dev module is not loaded.  You must load the i2c-dev module along with the correct i2c driver for your motherboard.  This is usually i2c-piix4 for AMD systems and i2c-i801 for Intel systems.</p><p>See <a href='https://help.openrgb.org/'>help.openrgb.org</a> for additional troubleshooting steps if you keep seeing this message.<br></p>
21549 |Info:    ------------------------------------------------------
21549 |Info:    |               Start device detection               |
21549 |Info:    ------------------------------------------------------
21549 |Info:    Initializing HID interfaces: Success
21556 |Info:    ------------------------------------------------------
21556 |Info:    |             Detecting I2C interfaces               |
21556 |Info:    ------------------------------------------------------
21556 |Info:    Registering I2C interface: /dev/i2c-3 Device 10DE:1B81 Subsystem: 1458:3772
21556 |Info:    Registering I2C interface: /dev/i2c-8 Device 1022:790B Subsystem: 1849:FFFF
21556 |Info:    Registering I2C interface: /dev/i2c-4 Device 10DE:1B81 Subsystem: 1458:3772
21556 |Info:    Registering I2C interface: /dev/i2c-0 Device 10DE:1B81 Subsystem: 1458:3772
21556 |Info:    Registering I2C interface: /dev/i2c-7 Device 1022:790B Subsystem: 1849:FFFF
21556 |Info:    ------------------------------------------------------
21556 |Info:    |               Detecting I2C devices                |
21556 |Info:    ------------------------------------------------------
22106 |Info:    ------------------------------------------------------
22106 |Info:    |               Detecting I2C PCI devices            |
22106 |Info:    ------------------------------------------------------
22107 |Info:    ------------------------------------------------------
22107 |Info:    |               Detecting HID devices                |
22107 |Info:    ------------------------------------------------------
22108 |Info:    ------------------------------------------------------
22108 |Info:    |            Detecting libusb HID devices            |
22108 |Info:    ------------------------------------------------------
22108 |Info:    ------------------------------------------------------
22108 |Info:    |              Detecting other devices               |
22108 |Info:    ------------------------------------------------------
22109 |Info:    ------------------------------------------------------
22109 |Info:    |                Detection completed                 |
22109 |Info:    ------------------------------------------------------
22109 |Dialog:  <h2>WARNING:</h2><p>One or more I2C/SMBus interfaces failed to initialize.</p><p>RGB DRAM modules and some motherboards' onboard RGB lighting will not be available without I2C/SMBus.</p><p>On Linux, this is usually because the i2c-dev module is not loaded.  You must load the i2c-dev module along with the correct i2c driver for your motherboard.  This is usually i2c-piix4 for AMD systems and i2c-i801 for Intel systems.</p><p>See <a href='https://help.openrgb.org/'>help.openrgb.org</a> for additional troubleshooting steps if you keep seeing this message.<br></p>
